367c initialise_clink          109 ---- 2021/10/11 13:22:13.490 -------------------------------------------------
367c initialise_clink          110 Host process is 'cmd.exe'
367c initialise_clink          124 Windows version 10.0.19043 (x64)
367c initialise_clink          127 Clink version 1.1.45.1c3985 (x64)
367c hook_setter::hook_setter   36 >>> Started hook transaction.
367c hook_iat                   53 Attempting to hook IAT for module 00007FF6B9550000
367c hook_iat                   54 Target is (null),SetEnvironmentVariableW (by_name=1)
367c pe_info::iterate_imports  154 Checking imports in 'msvcrt.dll'
367c pe_info::iterate_imports  154 Checking imports in 'ntdll.dll'
367c pe_info::iterate_imports  154 Checking imports in 'api-ms-win-core-kernel32-legacy-l1-1-0.dll'
367c pe_info::iterate_imports  154 Checking imports in 'api-ms-win-core-libraryloader-l1-2-0.dll'
367c pe_info::iterate_imports  154 Checking imports in 'api-ms-win-core-synch-l1-1-0.dll'
367c pe_info::iterate_imports  154 Checking imports in 'api-ms-win-core-heap-l1-1-0.dll'
367c pe_info::iterate_imports  154 Checking imports in 'api-ms-win-core-errorhandling-l1-1-0.dll'
367c pe_info::iterate_imports  154 Checking imports in 'api-ms-win-core-processthreads-l1-1-0.dll'
367c pe_info::iterate_imports  154 Checking imports in 'api-ms-win-core-localization-l1-2-0.dll'
367c pe_info::iterate_imports  154 Checking imports in 'api-ms-win-core-debug-l1-1-0.dll'
367c pe_info::iterate_imports  154 Checking imports in 'api-ms-win-core-handle-l1-1-0.dll'
367c pe_info::iterate_imports  154 Checking imports in 'api-ms-win-core-memory-l1-1-0.dll'
367c pe_info::iterate_imports  154 Checking imports in 'api-ms-win-core-console-l1-1-0.dll'
367c pe_info::iterate_imports  154 Checking imports in 'api-ms-win-core-file-l1-1-0.dll'
367c pe_info::iterate_imports  154 Checking imports in 'api-ms-win-core-string-l1-1-0.dll'
367c pe_info::iterate_imports  154 Checking imports in 'api-ms-win-core-processenvironment-l1-1-0.dll'
367c hook_iat                   81 Found import at 00007FF6B9583860 (value = 00007FFE3D6AC3D0)
367c hook_iat                   53 Attempting to hook IAT for module 00007FFE29E40000
367c hook_iat                   54 Target is (null),SetEnvironmentVariableW (by_name=1)
367c pe_info::iterate_imports  154 Checking imports in 'VERSION.dll'
367c pe_info::iterate_imports  154 Checking imports in 'SHLWAPI.dll'
367c pe_info::iterate_imports  154 Checking imports in 'RPCRT4.dll'
367c pe_info::iterate_imports  154 Checking imports in 'dbghelp.dll'
367c pe_info::iterate_imports  154 Checking imports in 'KERNEL32.dll'
367c hook_iat                   81 Found import at 00007FFE29F22208 (value = 00007FFE3E4409C0)
367c hook_iat                   53 Attempting to hook IAT for module 00007FF6B9550000
367c hook_iat                   54 Target is (null),WriteConsoleW (by_name=1)
367c pe_info::iterate_imports  154 Checking imports in 'msvcrt.dll'
367c pe_info::iterate_imports  154 Checking imports in 'ntdll.dll'
367c pe_info::iterate_imports  154 Checking imports in 'api-ms-win-core-kernel32-legacy-l1-1-0.dll'
367c pe_info::iterate_imports  154 Checking imports in 'api-ms-win-core-libraryloader-l1-2-0.dll'
367c pe_info::iterate_imports  154 Checking imports in 'api-ms-win-core-synch-l1-1-0.dll'
367c pe_info::iterate_imports  154 Checking imports in 'api-ms-win-core-heap-l1-1-0.dll'
367c pe_info::iterate_imports  154 Checking imports in 'api-ms-win-core-errorhandling-l1-1-0.dll'
367c pe_info::iterate_imports  154 Checking imports in 'api-ms-win-core-processthreads-l1-1-0.dll'
367c pe_info::iterate_imports  154 Checking imports in 'api-ms-win-core-localization-l1-2-0.dll'
367c pe_info::iterate_imports  154 Checking imports in 'api-ms-win-core-debug-l1-1-0.dll'
367c pe_info::iterate_imports  154 Checking imports in 'api-ms-win-core-handle-l1-1-0.dll'
367c pe_info::iterate_imports  154 Checking imports in 'api-ms-win-core-memory-l1-1-0.dll'
367c pe_info::iterate_imports  154 Checking imports in 'api-ms-win-core-console-l1-1-0.dll'
367c hook_iat                   81 Found import at 00007FF6B95834F8 (value = 00007FFE3D6515C0)
367c hook_iat                   53 Attempting to hook IAT for module 00007FFE29E40000
367c hook_iat                   54 Target is (null),WriteConsoleW (by_name=1)
367c pe_info::iterate_imports  154 Checking imports in 'VERSION.dll'
367c pe_info::iterate_imports  154 Checking imports in 'SHLWAPI.dll'
367c pe_info::iterate_imports  154 Checking imports in 'RPCRT4.dll'
367c pe_info::iterate_imports  154 Checking imports in 'dbghelp.dll'
367c pe_info::iterate_imports  154 Checking imports in 'KERNEL32.dll'
367c hook_iat                   81 Found import at 00007FFE29F220E8 (value = 00007FFE3E4453C0)
367c hook_iat                   53 Attempting to hook IAT for module 00007FF6B9550000
367c hook_iat                   54 Target is (null),GetEnvironmentVariableW (by_name=1)
367c pe_info::iterate_imports  154 Checking imports in 'msvcrt.dll'
367c pe_info::iterate_imports  154 Checking imports in 'ntdll.dll'
367c pe_info::iterate_imports  154 Checking imports in 'api-ms-win-core-kernel32-legacy-l1-1-0.dll'
367c pe_info::iterate_imports  154 Checking imports in 'api-ms-win-core-libraryloader-l1-2-0.dll'
367c pe_info::iterate_imports  154 Checking imports in 'api-ms-win-core-synch-l1-1-0.dll'
367c pe_info::iterate_imports  154 Checking imports in 'api-ms-win-core-heap-l1-1-0.dll'
367c pe_info::iterate_imports  154 Checking imports in 'api-ms-win-core-errorhandling-l1-1-0.dll'
367c pe_info::iterate_imports  154 Checking imports in 'api-ms-win-core-processthreads-l1-1-0.dll'
367c pe_info::iterate_imports  154 Checking imports in 'api-ms-win-core-localization-l1-2-0.dll'
367c pe_info::iterate_imports  154 Checking imports in 'api-ms-win-core-debug-l1-1-0.dll'
367c pe_info::iterate_imports  154 Checking imports in 'api-ms-win-core-handle-l1-1-0.dll'
367c pe_info::iterate_imports  154 Checking imports in 'api-ms-win-core-memory-l1-1-0.dll'
367c pe_info::iterate_imports  154 Checking imports in 'api-ms-win-core-console-l1-1-0.dll'
367c pe_info::iterate_imports  154 Checking imports in 'api-ms-win-core-file-l1-1-0.dll'
367c pe_info::iterate_imports  154 Checking imports in 'api-ms-win-core-string-l1-1-0.dll'
367c pe_info::iterate_imports  154 Checking imports in 'api-ms-win-core-processenvironment-l1-1-0.dll'
367c hook_iat                   81 Found import at 00007FF6B9583880 (value = 00007FFE3D66AB90)
367c hook_iat                   53 Attempting to hook IAT for module 00007FFE29E40000
367c hook_iat                   54 Target is (null),GetEnvironmentVariableW (by_name=1)
367c pe_info::iterate_imports  154 Checking imports in 'VERSION.dll'
367c pe_info::iterate_imports  154 Checking imports in 'SHLWAPI.dll'
367c pe_info::iterate_imports  154 Checking imports in 'RPCRT4.dll'
367c pe_info::iterate_imports  154 Checking imports in 'dbghelp.dll'
367c pe_info::iterate_imports  154 Checking imports in 'KERNEL32.dll'
367c hook_iat                   81 Found import at 00007FFE29F22200 (value = 00007FFE3E43B620)
367c hook_setter::commit        88 <<< Hook transaction committed.
367c hook_iat                   53 Attempting to hook IAT for module 00007FF6B9550000
367c hook_iat                   54 Target is (null),GetEnvironmentVariableW (by_name=1)
367c pe_info::iterate_imports  154 Checking imports in 'msvcrt.dll'
367c pe_info::iterate_imports  154 Checking imports in 'ntdll.dll'
367c pe_info::iterate_imports  154 Checking imports in 'api-ms-win-core-kernel32-legacy-l1-1-0.dll'
367c pe_info::iterate_imports  154 Checking imports in 'api-ms-win-core-libraryloader-l1-2-0.dll'
367c pe_info::iterate_imports  154 Checking imports in 'api-ms-win-core-synch-l1-1-0.dll'
367c pe_info::iterate_imports  154 Checking imports in 'api-ms-win-core-heap-l1-1-0.dll'
367c pe_info::iterate_imports  154 Checking imports in 'api-ms-win-core-errorhandling-l1-1-0.dll'
367c pe_info::iterate_imports  154 Checking imports in 'api-ms-win-core-processthreads-l1-1-0.dll'
367c pe_info::iterate_imports  154 Checking imports in 'api-ms-win-core-localization-l1-2-0.dll'
367c pe_info::iterate_imports  154 Checking imports in 'api-ms-win-core-debug-l1-1-0.dll'
367c pe_info::iterate_imports  154 Checking imports in 'api-ms-win-core-handle-l1-1-0.dll'
367c pe_info::iterate_imports  154 Checking imports in 'api-ms-win-core-memory-l1-1-0.dll'
367c pe_info::iterate_imports  154 Checking imports in 'api-ms-win-core-console-l1-1-0.dll'
367c pe_info::iterate_imports  154 Checking imports in 'api-ms-win-core-file-l1-1-0.dll'
367c pe_info::iterate_imports  154 Checking imports in 'api-ms-win-core-string-l1-1-0.dll'
367c pe_info::iterate_imports  154 Checking imports in 'api-ms-win-core-processenvironment-l1-1-0.dll'
367c hook_iat                   81 Found import at 00007FF6B9583880 (value = 00007FFE29E50D30)
367c hook_setter::hook_setter   36 >>> Started hook transaction.
367c hook_setter::add_detour   119 Attempting to hook ReadConsoleW in kernelbase.dll with 00007FFE29E510C0.
367c add_repair_iat_node       135 Attempting to hook IAT for module 00007FFE29E40000.
367c add_repair_iat_node       143 Target is ReadConsoleW (by name).
367c pe_info::iterate_imports  154 Checking imports in 'VERSION.dll'
367c pe_info::iterate_imports  154 Checking imports in 'SHLWAPI.dll'
367c pe_info::iterate_imports  154 Checking imports in 'RPCRT4.dll'
367c pe_info::iterate_imports  154 Checking imports in 'dbghelp.dll'
367c pe_info::iterate_imports  154 Checking imports in 'KERNEL32.dll'
367c add_repair_iat_node       168 Found import at 00007FFE29F221F8 (value is 00007FFE3E445370).
367c hook_setter::commit        88 <<< Hook transaction committed.
367c win_screen_buffer::begin  184 Using native terminal support; found 'conemuhk64.dll'.
367c history_db::initialise   1061 master bank ctag: |CTAG_1633701225_62457703_17204_0
367c history_db::compact      1231 History:  1 active, 3 deleted
367c history_db::compact      1231 History:  2 active, 3 deleted
367c history_db::compact      1231 History:  3 active, 3 deleted
